<?xml version="1.0" encoding="UTF-8"?>
<!-- Generated by org.testng.reporters.JUnitXMLReporter -->
<testsuite ignored="0" hostname="DESKTOP-8VO5TDQ" failures="0" tests="5" name="Default test" time="144.747" errors="0" timestamp="2024-05-25T12:47:24 IST">
  <testcase classname="NewPrasanna.TestComponents.LoginPage" name="EnterWrongLogins" time="5.671"/>
  <testcase classname="NewPrasanna.TestComponents.LoginPage" name="EnterloginDetails" time="7.771"/>
  <testcase classname="NewPrasanna.TestComponents.LoginPage" name="EnterloginDetails" time="12.857"/>
  <testcase classname="NewPrasanna.TestComponents.LoginPage" name="mainTest" time="41.033"/>
  <testcase classname="NewPrasanna.TestComponents.LoginPage" name="mainTest" time="37.481"/>
</testsuite> <!-- Default test -->
