<?xml version="1.0" encoding="UTF-8"?>
<!-- Generated by org.testng.reporters.JUnitXMLReporter -->
<testsuite ignored="2" hostname="DESKTOP-8VO5TDQ" failures="2" tests="2" name="LoginPageTest" time="99.708" errors="0" timestamp="2024-05-25T12:43:31 IST">
  <testcase classname="NewPrasanna.TestComponents.LoginPage" name="mainTest" time="40.106">
    <failure type="java.lang.NullPointerException" message="Cannot invoke &amp;quot;org.openqa.selenium.WebElement.findElement(org.openqa.selenium.By)&amp;quot; because &amp;quot;p&amp;quot; is null">
      <![CDATA[java.lang.NullPointerException: Cannot invoke "org.openqa.selenium.WebElement.findElement(org.openqa.selenium.By)" because "p" is null
at NewPrasanna.POM.CartPOM.deleteproduct(CartPOM.java:80)
at NewPrasanna.TestComponents.LoginPage.mainTest(LoginPage.java:53)
at java.base/java.util.ArrayList.forEach(ArrayList.java:1597)
at java.base/java.util.concurrent.FutureTask.run(FutureTask.java:317)
at java.base/java.util.concurrent.ThreadPoolExecutor.runWorker(ThreadPoolExecutor.java:1144)
at java.base/java.util.concurrent.ThreadPoolExecutor$Worker.run(ThreadPoolExecutor.java:642)
at java.base/java.lang.Thread.run(Thread.java:1570)
... Removed 15 stack frames]]>
    </failure>
  </testcase> <!-- mainTest -->
  <testcase classname="NewPrasanna.TestComponents.LoginPage" name="mainTest" time="43.705">
    <failure type="java.lang.NullPointerException" message="Cannot invoke &amp;quot;org.openqa.selenium.WebElement.findElement(org.openqa.selenium.By)&amp;quot; because &amp;quot;p&amp;quot; is null">
      <![CDATA[java.lang.NullPointerException: Cannot invoke "org.openqa.selenium.WebElement.findElement(org.openqa.selenium.By)" because "p" is null
at NewPrasanna.POM.CartPOM.deleteproduct(CartPOM.java:80)
at NewPrasanna.TestComponents.LoginPage.mainTest(LoginPage.java:53)
at java.base/java.util.ArrayList.forEach(ArrayList.java:1597)
at java.base/java.util.concurrent.FutureTask.run(FutureTask.java:317)
at java.base/java.util.concurrent.ThreadPoolExecutor.runWorker(ThreadPoolExecutor.java:1144)
at java.base/java.util.concurrent.ThreadPoolExecutor$Worker.run(ThreadPoolExecutor.java:642)
at java.base/java.lang.Thread.run(Thread.java:1570)
... Removed 15 stack frames]]>
    </failure>
  </testcase> <!-- mainTest -->
  <testcase classname="NewPrasanna.TestComponents.LoginPage" name="EnterWrongLogins" time="0.0">
    <ignored/>
  </testcase> <!-- EnterWrongLogins -->
  <testcase classname="NewPrasanna.TestComponents.LoginPage" name="EnterloginDetails" time="0.0">
    <ignored/>
  </testcase> <!-- EnterloginDetails -->
</testsuite> <!-- LoginPageTest -->
