<?xml version="1.0" encoding="UTF-8"?>
<!-- Generated by org.testng.reporters.JUnitXMLReporter -->
<testsuite ignored="3" hostname="DESKTOP-8VO5TDQ" failures="0" tests="0" time="0.026" errors="0" timestamp="2024-05-25T12:41:52 IST">
  <testcase classname="NewPrasanna.TestComponents.RegisterPageTest" name="wrongdetails" time="0.0">
    <ignored/>
  </testcase> <!-- wrongdetails -->
  <testcase classname="NewPrasanna.TestComponents.RegisterPageTest" name="waringsTest" time="0.0">
    <ignored/>
  </testcase> <!-- waringsTest -->
  <testcase classname="NewPrasanna.TestComponents.RegisterPageTest" name="registerTestCase1" time="0.0">
    <ignored/>
  </testcase> <!-- registerTestCase1 -->
</testsuite>
